<?xml version="1.0" encoding="utf-8"?>
<TestRun id="b7e4bc09-7144-44f7-9814-dea2b1ac3829" name="claus.elmann@LAPTOP-2Q5GS5I8 2026-04-04 23:02:37" runUser="F24\claus.elmann" xmlns="http://microsoft.com/schemas/VisualStudio/TeamTest/2010">
  <Times creation="2026-04-04T23:02:37.1255711+02:00" queuing="2026-04-04T23:02:37.1255714+02:00" start="2026-04-04T23:01:32.5427214+02:00" finish="2026-04-04T23:02:37.1354354+02:00" />
  <TestSettings name="default" id="a73afa91-85ff-45e1-978d-0d142f4e8dd5">
    <Deployment runDeploymentRoot="claus.elmann_LAPTOP-2Q5GS5I8_2026-04-04_23_02_37" />
  </TestSettings>
  <Results>
    <UnitTestResult executionId="c82e7e22-3176-4d0b-903d-76fc0e698386" testId="a3d4b2d4-68d8-743e-8f21-b9ca19f8b1b2" testName="GreenAi.E2E.Visual.NavigationVisualTests.Dashboard_AllDevices" computerName="LAPTOP-2Q5GS5I8" duration="00:01:03.0102013" startTime="2026-04-04T23:01:33.9660689+02:00" endTime="2026-04-04T23:02:36.9943334+02:00" testType="13cdc9d9-ddb5-4fa4-a97d-d965ccfc6d4b" outcome="Failed" testListId="8c84fa94-04c1-424b-9868-57a2d4851a1d" relativeResultsDirectory="c82e7e22-3176-4d0b-903d-76fc0e698386">
      <Output>
        <ErrorInfo>
          <Message>System.Exception : Visual test failed on 4/4 device(s):
[Desktop 1920×1080] Login did not redirect from /login after 15s (email=admin@dev.local)
[Laptop 1366×768] Login did not redirect from /login after 15s (email=admin@dev.local)
[Tablet 1024×768] Login did not redirect from /login after 15s (email=admin@dev.local)
[Mobile 390×844] Login did not redirect from /login after 15s (email=admin@dev.local)</Message>
          <StackTrace>   at GreenAi.E2E.Visual.VisualTestBase.ForEachDeviceAsync(Func`3 testAction, String callerName) in C:\Udvikling\green-ai\tests\GreenAi.E2E\Visual\VisualTestBase.cs:line 98&#xD;
--- End of stack trace from previous location ---</StackTrace>
        </ErrorInfo>
      </Output>
    </UnitTestResult>
  </Results>
  <TestDefinitions>
    <UnitTest name="GreenAi.E2E.Visual.NavigationVisualTests.Dashboard_AllDevices" storage="c:\udvikling\green-ai\tests\greenai.e2e\bin\debug\net10.0\greenai.e2e.dll" id="a3d4b2d4-68d8-743e-8f21-b9ca19f8b1b2">
      <Execution id="c82e7e22-3176-4d0b-903d-76fc0e698386" />
      <TestMethod codeBase="C:\Udvikling\green-ai\tests\GreenAi.E2E\bin\Debug\net10.0\GreenAi.E2E.dll" adapterTypeName="executor://xunit/VsTestRunner3/netcore/" className="GreenAi.E2E.Visual.NavigationVisualTests" name="Dashboard_AllDevices" />
    </UnitTest>
  </TestDefinitions>
  <TestEntries>
    <TestEntry testId="a3d4b2d4-68d8-743e-8f21-b9ca19f8b1b2" executionId="c82e7e22-3176-4d0b-903d-76fc0e698386" testListId="8c84fa94-04c1-424b-9868-57a2d4851a1d" />
  </TestEntries>
  <TestLists>
    <TestList name="Results Not in a List" id="8c84fa94-04c1-424b-9868-57a2d4851a1d" />
    <TestList name="All Loaded Results" id="19431567-8539-422a-85d7-44ee4e166bda" />
  </TestLists>
  <ResultSummary outcome="Failed">
    <Counters total="1" executed="1" passed="0" failed="1" error="0" timeout="0" aborted="0" inconclusive="0" passedButRunAborted="0" notRunnable="0" notExecuted="0" disconnected="0" warning="0" completed="0" inProgress="0" pending="0" />
    <Output>
      <StdOut>[xUnit.net 00:00:00.00] xUnit.net VSTest Adapter v3.1.5+1b188a7b0a (64-bit .NET 10.0.5)&#xD;
[xUnit.net 00:00:00.19]   Discovering: GreenAi.E2E&#xD;
[xUnit.net 00:00:00.41]   Discovered:  GreenAi.E2E&#xD;
[xUnit.net 00:00:00.64]   Starting:    GreenAi.E2E&#xD;
[xUnit.net 00:01:03.99]       System.Exception : Visual test failed on 4/4 device(s):
[Desktop 1920×1080] Login did not redirect from /login after 15s (email=admin@dev.local)
[Laptop 1366×768] Login did not redirect from /login after 15s (email=admin@dev.local)
[Tablet 1024×768] Login did not redirect from /login after 15s (email=admin@dev.local)
[Mobile 390×844] Login did not redirect from /login after 15s (email=admin@dev.local)&#xD;
[xUnit.net 00:01:03.99]       Stack Trace:&#xD;
[xUnit.net 00:01:03.99]         C:\Udvikling\green-ai\tests\GreenAi.E2E\Visual\VisualTestBase.cs(98,0): at GreenAi.E2E.Visual.VisualTestBase.ForEachDeviceAsync(Func`3 testAction, String callerName)&#xD;
[xUnit.net 00:01:03.99]         --- End of stack trace from previous location ---&#xD;
[xUnit.net 00:01:04.01]   Finished:    GreenAi.E2E (ID = 'b22c8369b1bbe770defd711cb8a9268ada6d4b894a82e516ae76dd9d44f93e08')&#xD;
</StdOut>
    </Output>
    <RunInfos>
      <RunInfo computerName="LAPTOP-2Q5GS5I8" outcome="Error" timestamp="2026-04-04T23:02:37.0029235+02:00">
        <Text>[xUnit.net 00:01:03.99]     GreenAi.E2E.Visual.NavigationVisualTests.Dashboard_AllDevices [FAIL]</Text>
      </RunInfo>
    </RunInfos>
  </ResultSummary>
</TestRun>