<?xml version="1.0" encoding="utf-8"?>
<TestRun id="54751124-fb58-4ef6-b636-d85ba3d4f6d2" name="claus.elmann@LAPTOP-2Q5GS5I8 2026-04-04 23:36:53" runUser="F24\claus.elmann" xmlns="http://microsoft.com/schemas/VisualStudio/TeamTest/2010">
  <Times creation="2026-04-04T23:36:53.2567964+02:00" queuing="2026-04-04T23:36:53.2567968+02:00" start="2026-04-04T23:36:47.4289404+02:00" finish="2026-04-04T23:36:53.2659043+02:00" />
  <TestSettings name="default" id="ca6a9eba-e844-43d2-94f0-6d041147125f">
    <Deployment runDeploymentRoot="claus.elmann_LAPTOP-2Q5GS5I8_2026-04-04_23_36_53" />
  </TestSettings>
  <Results>
    <UnitTestResult executionId="c062078f-d107-4238-b017-4a0a41e393e2" testId="d185c56f-05f8-ea55-f119-8e96d680bae6" testName="GreenAi.E2E.CustomerAdminE2ETests.Login_WithValidCredentials_RedirectsToHome" computerName="LAPTOP-2Q5GS5I8" duration="00:00:04.1875762" startTime="2026-04-04T23:36:48.8992543+02:00" endTime="2026-04-04T23:36:53.1160410+02:00" testType="13cdc9d9-ddb5-4fa4-a97d-d965ccfc6d4b" outcome="Failed" testListId="8c84fa94-04c1-424b-9868-57a2d4851a1d" relativeResultsDirectory="c062078f-d107-4238-b017-4a0a41e393e2">
      <Output>
        <ErrorInfo>
          <Message>Microsoft.Playwright.PlaywrightException : net::ERR_CONNECTION_REFUSED at http://localhost:5057/login
Call log:
  -   - navigating to "http://localhost:5057/login", waiting until "load"</Message>
          <StackTrace>   at Microsoft.Playwright.Transport.Connection.InnerSendMessageToServerAsync[T](ChannelOwner object, String method, Dictionary`2 dictionary, Boolean keepNulls) in /_/src/Playwright/Transport/Connection.cs:line 206&#xD;
   at Microsoft.Playwright.Transport.Connection.WrapApiCallAsync[T](Func`1 action, Boolean isInternal) in /_/src/Playwright/Transport/Connection.cs:line 535&#xD;
   at Microsoft.Playwright.Core.Frame.GotoAsync(String url, FrameGotoOptions options) in /_/src/Playwright/Core/Frame.cs:line 796&#xD;
   at GreenAi.E2E.E2ETestBase.LoginAsync(String email, String password) in c:\Udvikling\green-ai\tests\GreenAi.E2E\E2ETestBase.cs:line 122&#xD;
   at GreenAi.E2E.CustomerAdminE2ETests.Login_WithValidCredentials_RedirectsToHome() in c:\Udvikling\green-ai\tests\GreenAi.E2E\CustomerAdminE2ETests.cs:line 11&#xD;
--- End of stack trace from previous location ---</StackTrace>
        </ErrorInfo>
      </Output>
    </UnitTestResult>
  </Results>
  <TestDefinitions>
    <UnitTest name="GreenAi.E2E.CustomerAdminE2ETests.Login_WithValidCredentials_RedirectsToHome" storage="c:\udvikling\green-ai\tests\greenai.e2e\bin\debug\net10.0\greenai.e2e.dll" id="d185c56f-05f8-ea55-f119-8e96d680bae6">
      <Execution id="c062078f-d107-4238-b017-4a0a41e393e2" />
      <TestMethod codeBase="C:\Udvikling\green-ai\tests\GreenAi.E2E\bin\Debug\net10.0\GreenAi.E2E.dll" adapterTypeName="executor://xunit/VsTestRunner3/netcore/" className="GreenAi.E2E.CustomerAdminE2ETests" name="Login_WithValidCredentials_RedirectsToHome" />
    </UnitTest>
  </TestDefinitions>
  <TestEntries>
    <TestEntry testId="d185c56f-05f8-ea55-f119-8e96d680bae6" executionId="c062078f-d107-4238-b017-4a0a41e393e2" testListId="8c84fa94-04c1-424b-9868-57a2d4851a1d" />
  </TestEntries>
  <TestLists>
    <TestList name="Results Not in a List" id="8c84fa94-04c1-424b-9868-57a2d4851a1d" />
    <TestList name="All Loaded Results" id="19431567-8539-422a-85d7-44ee4e166bda" />
  </TestLists>
  <ResultSummary outcome="Failed">
    <Counters total="1" executed="1" passed="0" failed="1" error="0" timeout="0" aborted="0" inconclusive="0" passedButRunAborted="0" notRunnable="0" notExecuted="0" disconnected="0" warning="0" completed="0" inProgress="0" pending="0" />
    <Output>
      <StdOut>[xUnit.net 00:00:00.00] xUnit.net VSTest Adapter v3.1.5+1b188a7b0a (64-bit .NET 10.0.5)&#xD;
[xUnit.net 00:00:00.22]   Discovering: GreenAi.E2E&#xD;
[xUnit.net 00:00:00.45]   Discovered:  GreenAi.E2E&#xD;
[xUnit.net 00:00:00.66]   Starting:    GreenAi.E2E&#xD;
[xUnit.net 00:00:05.21]       Microsoft.Playwright.PlaywrightException : net::ERR_CONNECTION_REFUSED at http://localhost:5057/login
Call log:
  -   - navigating to "http://localhost:5057/login", waiting until "load"&#xD;
[xUnit.net 00:00:05.21]       Stack Trace:&#xD;
[xUnit.net 00:00:05.21]         /_/src/Playwright/Transport/Connection.cs(206,0): at Microsoft.Playwright.Transport.Connection.InnerSendMessageToServerAsync[T](ChannelOwner object, String method, Dictionary`2 dictionary, Boolean keepNulls)&#xD;
[xUnit.net 00:00:05.21]         /_/src/Playwright/Transport/Connection.cs(535,0): at Microsoft.Playwright.Transport.Connection.WrapApiCallAsync[T](Func`1 action, Boolean isInternal)&#xD;
[xUnit.net 00:00:05.21]         /_/src/Playwright/Core/Frame.cs(796,0): at Microsoft.Playwright.Core.Frame.GotoAsync(String url, FrameGotoOptions options)&#xD;
[xUnit.net 00:00:05.21]         c:\Udvikling\green-ai\tests\GreenAi.E2E\E2ETestBase.cs(122,0): at GreenAi.E2E.E2ETestBase.LoginAsync(String email, String password)&#xD;
[xUnit.net 00:00:05.21]         c:\Udvikling\green-ai\tests\GreenAi.E2E\CustomerAdminE2ETests.cs(11,0): at GreenAi.E2E.CustomerAdminE2ETests.Login_WithValidCredentials_RedirectsToHome()&#xD;
[xUnit.net 00:00:05.21]         --- End of stack trace from previous location ---&#xD;
[xUnit.net 00:00:05.23]   Finished:    GreenAi.E2E (ID = 'b22c8369b1bbe770defd711cb8a9268ada6d4b894a82e516ae76dd9d44f93e08')&#xD;
</StdOut>
    </Output>
    <RunInfos>
      <RunInfo computerName="LAPTOP-2Q5GS5I8" outcome="Error" timestamp="2026-04-04T23:36:53.1242886+02:00">
        <Text>[xUnit.net 00:00:05.21]     GreenAi.E2E.CustomerAdminE2ETests.Login_WithValidCredentials_RedirectsToHome [FAIL]</Text>
      </RunInfo>
    </RunInfos>
  </ResultSummary>
</TestRun>