<?xml version="1.0" encoding="utf-8"?>
<TestRun id="f5d09392-7897-40a9-a6d8-2d5714fa8c06" name="claus.elmann@LAPTOP-2Q5GS5I8 2026-04-05 00:23:57" runUser="F24\claus.elmann" xmlns="http://microsoft.com/schemas/VisualStudio/TeamTest/2010">
  <Times creation="2026-04-05T00:23:57.7220882+02:00" queuing="2026-04-05T00:23:57.7220887+02:00" start="2026-04-05T00:23:32.4616050+02:00" finish="2026-04-05T00:23:57.7315690+02:00" />
  <TestSettings name="default" id="e8cc7d3b-18d3-461b-b9f7-04a249223e93">
    <Deployment runDeploymentRoot="claus.elmann_LAPTOP-2Q5GS5I8_2026-04-05_00_23_57" />
  </TestSettings>
  <Results>
    <UnitTestResult executionId="358921b5-cbea-4da3-8117-09e80fd0be78" testId="52d31b75-c007-42f6-e556-3ae1101d7eb2" testName="GreenAi.E2E.CustomerAdminE2ETests.CustomerAdmin_AfterLogin_ShowsHeading" computerName="LAPTOP-2Q5GS5I8" duration="00:00:23.5147915" startTime="2026-04-05T00:23:34.0220817+02:00" endTime="2026-04-05T00:23:57.5563453+02:00" testType="13cdc9d9-ddb5-4fa4-a97d-d965ccfc6d4b" outcome="Failed" testListId="8c84fa94-04c1-424b-9868-57a2d4851a1d" relativeResultsDirectory="358921b5-cbea-4da3-8117-09e80fd0be78">
      <Output>
        <ErrorInfo>
          <Message>System.Exception : E2E FAILURE: Timeout waiting for '[data-testid='customer-admin-heading']' — Heading should be visible after login. If redirected, check BlazorPrincipalHolder + ICurrentUser DI.

URL:     http://localhost:5057/customer-admin
Screenshot: C:\Udvikling\green-ai\tests\GreenAi.E2E\bin\Debug\net10.0\..\..\..\TestResults\Screenshots\CustomerAdminE2ETests_20260404_222357.png

Browser console errors:
  [ERROR] [2026-04-04T22:23:36.290Z] Error: System.AggregateException: One or more errors occurred. (ProfileId claim is missing from the authenticated principal.)&#xD;
 ---&gt; System.InvalidOperationException: ProfileId claim is missing from the authenticated principal.&#xD;
   at GreenAi.Api.SharedKernel.Auth.HttpContextCurrentUser.get_ProfileId() in C:\Udvikling\green-ai\src\GreenAi.Api\SharedKernel\Auth\HttpContextCurrentUser.cs:line 53&#xD;
   at GreenAi.Api.Features.Auth.GetProfileContext.GetProfileContextHandler.Handle(GetProfileContextQuery _, CancellationToken ct) in C:\Udvikling\green-ai\src\GreenAi.Api\Features\Auth\GetProfileContext\GetProfileContextHandler.cs:line 18&#xD;
   at GreenAi.Api.SharedKernel.Pipeline.ValidationBehavior`2.Handle(TRequest request, RequestHandlerDelegate`1 next, CancellationToken cancellationToken) in C:\Udvikling\green-ai\src\GreenAi.Api\SharedKernel\Pipeline\ValidationBehavior.cs:line 32&#xD;
   at GreenAi.Api.SharedKernel.Pipeline.RequireProfileBehavior`2.Handle(TRequest request, RequestHandlerDelegate`1 next, CancellationToken cancellationToken) in C:\Udvikling\green-ai\src\GreenAi.Api\SharedKernel\Pipeline\RequireProfileBehavior.cs:line 63&#xD;
   at GreenAi.Api.SharedKernel.Pipeline.AuthorizationBehavior`2.Handle(TRequest request, RequestHandlerDelegate`1 next, CancellationToken cancellationToken) in C:\Udvikling\green-ai\src\GreenAi.Api\SharedKernel\Pipeline\AuthorizationBehavior.cs:line 46&#xD;
   at GreenAi.Api.SharedKernel.Logging.LoggingBehavior`2.Handle(TRequest request, RequestHandlerDelegate`1 next, CancellationToken cancellationToken) in C:\Udvikling\green-ai\src\GreenAi.Api\SharedKernel\Logging\LoggingBehavior.cs:line 28&#xD;
   at GreenAi.Api.Components.Layout.MainLayout.OnAfterRenderAsync(Boolean firstRender) in C:\Udvikling\green-ai\src\GreenAi.Api\Components\Layout\MainLayout.razor:line 56&#xD;
   --- End of inner exception stack trace ---
  [ERROR] [2026-04-04T22:23:36.940Z] Error: System.AggregateException: One or more errors occurred. (ProfileId claim is missing from the authenticated principal.)&#xD;
 ---&gt; System.InvalidOperationException: ProfileId claim is missing from the authenticated principal.&#xD;
   at GreenAi.Api.SharedKernel.Auth.HttpContextCurrentUser.get_ProfileId() in C:\Udvikling\green-ai\src\GreenAi.Api\SharedKernel\Auth\HttpContextCurrentUser.cs:line 53&#xD;
   at GreenAi.Api.Features.Auth.GetProfileContext.GetProfileContextHandler.Handle(GetProfileContextQuery _, CancellationToken ct) in C:\Udvikling\green-ai\src\GreenAi.Api\Features\Auth\GetProfileContext\GetProfileContextHandler.cs:line 18&#xD;
   at GreenAi.Api.SharedKernel.Pipeline.ValidationBehavior`2.Handle(TRequest request, RequestHandlerDelegate`1 next, CancellationToken cancellationToken) in C:\Udvikling\green-ai\src\GreenAi.Api\SharedKernel\Pipeline\ValidationBehavior.cs:line 32&#xD;
   at GreenAi.Api.SharedKernel.Pipeline.RequireProfileBehavior`2.Handle(TRequest request, RequestHandlerDelegate`1 next, CancellationToken cancellationToken) in C:\Udvikling\green-ai\src\GreenAi.Api\SharedKernel\Pipeline\RequireProfileBehavior.cs:line 63&#xD;
   at GreenAi.Api.SharedKernel.Pipeline.AuthorizationBehavior`2.Handle(TRequest request, RequestHandlerDelegate`1 next, CancellationToken cancellationToken) in C:\Udvikling\green-ai\src\GreenAi.Api\SharedKernel\Pipeline\AuthorizationBehavior.cs:line 46&#xD;
   at GreenAi.Api.SharedKernel.Logging.LoggingBehavior`2.Handle(TRequest request, RequestHandlerDelegate`1 next, CancellationToken cancellationToken) in C:\Udvikling\green-ai\src\GreenAi.Api\SharedKernel\Logging\LoggingBehavior.cs:line 28&#xD;
   at GreenAi.Api.Components.Layout.MainLayout.OnAfterRenderAsync(Boolean firstRender) in C:\Udvikling\green-ai\src\GreenAi.Api\Components\Layout\MainLayout.razor:line 56&#xD;
   --- End of inner exception stack trace ---

Recent DB logs (Logs table):
  (no rows in Logs table)</Message>
          <StackTrace>   at GreenAi.E2E.E2ETestBase.FailAsync(String reason) in C:\Udvikling\green-ai\tests\GreenAi.E2E\E2ETestBase.cs:line 100&#xD;
   at GreenAi.E2E.E2ETestBase.WaitOrFailAsync(String selector, Int32 timeoutMs, String hint) in C:\Udvikling\green-ai\tests\GreenAi.E2E\E2ETestBase.cs:line 78&#xD;
   at GreenAi.E2E.CustomerAdminE2ETests.CustomerAdmin_AfterLogin_ShowsHeading() in C:\Udvikling\green-ai\tests\GreenAi.E2E\CustomerAdminE2ETests.cs:line 40&#xD;
--- End of stack trace from previous location ---</StackTrace>
        </ErrorInfo>
      </Output>
    </UnitTestResult>
  </Results>
  <TestDefinitions>
    <UnitTest name="GreenAi.E2E.CustomerAdminE2ETests.CustomerAdmin_AfterLogin_ShowsHeading" storage="c:\udvikling\green-ai\tests\greenai.e2e\bin\debug\net10.0\greenai.e2e.dll" id="52d31b75-c007-42f6-e556-3ae1101d7eb2">
      <Execution id="358921b5-cbea-4da3-8117-09e80fd0be78" />
      <TestMethod codeBase="C:\Udvikling\green-ai\tests\GreenAi.E2E\bin\Debug\net10.0\GreenAi.E2E.dll" adapterTypeName="executor://xunit/VsTestRunner3/netcore/" className="GreenAi.E2E.CustomerAdminE2ETests" name="CustomerAdmin_AfterLogin_ShowsHeading" />
    </UnitTest>
  </TestDefinitions>
  <TestEntries>
    <TestEntry testId="52d31b75-c007-42f6-e556-3ae1101d7eb2" executionId="358921b5-cbea-4da3-8117-09e80fd0be78" testListId="8c84fa94-04c1-424b-9868-57a2d4851a1d" />
  </TestEntries>
  <TestLists>
    <TestList name="Results Not in a List" id="8c84fa94-04c1-424b-9868-57a2d4851a1d" />
    <TestList name="All Loaded Results" id="19431567-8539-422a-85d7-44ee4e166bda" />
  </TestLists>
  <ResultSummary outcome="Failed">
    <Counters total="1" executed="1" passed="0" failed="1" error="0" timeout="0" aborted="0" inconclusive="0" passedButRunAborted="0" notRunnable="0" notExecuted="0" disconnected="0" warning="0" completed="0" inProgress="0" pending="0" />
    <Output>
      <StdOut>[xUnit.net 00:00:00.00] xUnit.net VSTest Adapter v3.1.5+1b188a7b0a (64-bit .NET 10.0.5)&#xD;
[xUnit.net 00:00:00.21]   Discovering: GreenAi.E2E&#xD;
[xUnit.net 00:00:00.45]   Discovered:  GreenAi.E2E&#xD;
[xUnit.net 00:00:00.74]   Starting:    GreenAi.E2E&#xD;
[xUnit.net 00:00:24.61]       System.Exception : E2E FAILURE: Timeout waiting for '[data-testid='customer-admin-heading']' — Heading should be visible after login. If redirected, check BlazorPrincipalHolder + ICurrentUser DI.

URL:     http://localhost:5057/customer-admin
Screenshot: C:\Udvikling\green-ai\tests\GreenAi.E2E\bin\Debug\net10.0\..\..\..\TestResults\Screenshots\CustomerAdminE2ETests_20260404_222357.png

Browser console errors:
  [ERROR] [2026-04-04T22:23:36.290Z] Error: System.AggregateException: One or more errors occurred. (ProfileId claim is missing from the authenticated principal.)&#xD;
[xUnit.net 00:00:24.61]        ---&gt; System.InvalidOperationException: ProfileId claim is missing from the authenticated principal.&#xD;
[xUnit.net 00:00:24.61]          at GreenAi.Api.SharedKernel.Auth.HttpContextCurrentUser.get_ProfileId() in C:\Udvikling\green-ai\src\GreenAi.Api\SharedKernel\Auth\HttpContextCurrentUser.cs:line 53&#xD;
[xUnit.net 00:00:24.61]          at GreenAi.Api.Features.Auth.GetProfileContext.GetProfileContextHandler.Handle(GetProfileContextQuery _, CancellationToken ct) in C:\Udvikling\green-ai\src\GreenAi.Api\Features\Auth\GetProfileContext\GetProfileContextHandler.cs:line 18&#xD;
[xUnit.net 00:00:24.61]          at GreenAi.Api.SharedKernel.Pipeline.ValidationBehavior`2.Handle(TRequest request, RequestHandlerDelegate`1 next, CancellationToken cancellationToken) in C:\Udvikling\green-ai\src\GreenAi.Api\SharedKernel\Pipeline\ValidationBehavior.cs:line 32&#xD;
[xUnit.net 00:00:24.61]          at GreenAi.Api.SharedKernel.Pipeline.RequireProfileBehavior`2.Handle(TRequest request, RequestHandlerDelegate`1 next, CancellationToken cancellationToken) in C:\Udvikling\green-ai\src\GreenAi.Api\SharedKernel\Pipeline\RequireProfileBehavior.cs:line 63&#xD;
[xUnit.net 00:00:24.61]          at GreenAi.Api.SharedKernel.Pipeline.AuthorizationBehavior`2.Handle(TRequest request, RequestHandlerDelegate`1 next, CancellationToken cancellationToken) in C:\Udvikling\green-ai\src\GreenAi.Api\SharedKernel\Pipeline\AuthorizationBehavior.cs:line 46&#xD;
[xUnit.net 00:00:24.61]          at GreenAi.Api.SharedKernel.Logging.LoggingBehavior`2.Handle(TRequest request, RequestHandlerDelegate`1 next, CancellationToken cancellationToken) in C:\Udvikling\green-ai\src\GreenAi.Api\SharedKernel\Logging\LoggingBehavior.cs:line 28&#xD;
[xUnit.net 00:00:24.61]          at GreenAi.Api.Components.Layout.MainLayout.OnAfterRenderAsync(Boolean firstRender) in C:\Udvikling\green-ai\src\GreenAi.Api\Components\Layout\MainLayout.razor:line 56&#xD;
[xUnit.net 00:00:24.61]          --- End of inner exception stack trace ---
  [ERROR] [2026-04-04T22:23:36.940Z] Error: System.AggregateException: One or more errors occurred. (ProfileId claim is missing from the authenticated principal.)&#xD;
[xUnit.net 00:00:24.61]        ---&gt; System.InvalidOperationException: ProfileId claim is missing from the authenticated principal.&#xD;
[xUnit.net 00:00:24.61]          at GreenAi.Api.SharedKernel.Auth.HttpContextCurrentUser.get_ProfileId() in C:\Udvikling\green-ai\src\GreenAi.Api\SharedKernel\Auth\HttpContextCurrentUser.cs:line 53&#xD;
[xUnit.net 00:00:24.61]          at GreenAi.Api.Features.Auth.GetProfileContext.GetProfileContextHandler.Handle(GetProfileContextQuery _, CancellationToken ct) in C:\Udvikling\green-ai\src\GreenAi.Api\Features\Auth\GetProfileContext\GetProfileContextHandler.cs:line 18&#xD;
[xUnit.net 00:00:24.61]          at GreenAi.Api.SharedKernel.Pipeline.ValidationBehavior`2.Handle(TRequest request, RequestHandlerDelegate`1 next, CancellationToken cancellationToken) in C:\Udvikling\green-ai\src\GreenAi.Api\SharedKernel\Pipeline\ValidationBehavior.cs:line 32&#xD;
[xUnit.net 00:00:24.61]          at GreenAi.Api.SharedKernel.Pipeline.RequireProfileBehavior`2.Handle(TRequest request, RequestHandlerDelegate`1 next, CancellationToken cancellationToken) in C:\Udvikling\green-ai\src\GreenAi.Api\SharedKernel\Pipeline\RequireProfileBehavior.cs:line 63&#xD;
[xUnit.net 00:00:24.61]          at GreenAi.Api.SharedKernel.Pipeline.AuthorizationBehavior`2.Handle(TRequest request, RequestHandlerDelegate`1 next, CancellationToken cancellationToken) in C:\Udvikling\green-ai\src\GreenAi.Api\SharedKernel\Pipeline\AuthorizationBehavior.cs:line 46&#xD;
[xUnit.net 00:00:24.61]          at GreenAi.Api.SharedKernel.Logging.LoggingBehavior`2.Handle(TRequest request, RequestHandlerDelegate`1 next, CancellationToken cancellationToken) in C:\Udvikling\green-ai\src\GreenAi.Api\SharedKernel\Logging\LoggingBehavior.cs:line 28&#xD;
[xUnit.net 00:00:24.61]          at GreenAi.Api.Components.Layout.MainLayout.OnAfterRenderAsync(Boolean firstRender) in C:\Udvikling\green-ai\src\GreenAi.Api\Components\Layout\MainLayout.razor:line 56&#xD;
[xUnit.net 00:00:24.61]          --- End of inner exception stack trace ---

Recent DB logs (Logs table):
  (no rows in Logs table)&#xD;
[xUnit.net 00:00:24.61]       Stack Trace:&#xD;
[xUnit.net 00:00:24.61]         C:\Udvikling\green-ai\tests\GreenAi.E2E\E2ETestBase.cs(100,0): at GreenAi.E2E.E2ETestBase.FailAsync(String reason)&#xD;
[xUnit.net 00:00:24.61]         C:\Udvikling\green-ai\tests\GreenAi.E2E\E2ETestBase.cs(78,0): at GreenAi.E2E.E2ETestBase.WaitOrFailAsync(String selector, Int32 timeoutMs, String hint)&#xD;
[xUnit.net 00:00:24.61]         C:\Udvikling\green-ai\tests\GreenAi.E2E\CustomerAdminE2ETests.cs(40,0): at GreenAi.E2E.CustomerAdminE2ETests.CustomerAdmin_AfterLogin_ShowsHeading()&#xD;
[xUnit.net 00:00:24.61]         --- End of stack trace from previous location ---&#xD;
[xUnit.net 00:00:24.63]   Finished:    GreenAi.E2E (ID = 'b22c8369b1bbe770defd711cb8a9268ada6d4b894a82e516ae76dd9d44f93e08')&#xD;
</StdOut>
    </Output>
    <RunInfos>
      <RunInfo computerName="LAPTOP-2Q5GS5I8" outcome="Error" timestamp="2026-04-05T00:23:57.5663826+02:00">
        <Text>[xUnit.net 00:00:24.61]     GreenAi.E2E.CustomerAdminE2ETests.CustomerAdmin_AfterLogin_ShowsHeading [FAIL]</Text>
      </RunInfo>
    </RunInfos>
  </ResultSummary>
</TestRun>