<?xml version="1.0" encoding="utf-8"?>
<TestRun id="29b7f8f2-5fe1-479f-a635-1cbd13da4294" name="claus.elmann@LAPTOP-2Q5GS5I8 2026-04-05 00:06:13" runUser="F24\claus.elmann" xmlns="http://microsoft.com/schemas/VisualStudio/TeamTest/2010">
  <Times creation="2026-04-05T00:06:13.3834780+02:00" queuing="2026-04-05T00:06:13.3834784+02:00" start="2026-04-05T00:05:48.1578946+02:00" finish="2026-04-05T00:06:13.3904405+02:00" />
  <TestSettings name="default" id="e71d1b2f-cfc9-45e1-85c3-6bbb4689f58e">
    <Deployment runDeploymentRoot="claus.elmann_LAPTOP-2Q5GS5I8_2026-04-05_00_06_13" />
  </TestSettings>
  <Results>
    <UnitTestResult executionId="ec8cc290-556b-4612-be24-ffcfdcad33f8" testId="d185c56f-05f8-ea55-f119-8e96d680bae6" testName="GreenAi.E2E.CustomerAdminE2ETests.Login_WithValidCredentials_RedirectsToHome" computerName="LAPTOP-2Q5GS5I8" duration="00:00:23.5410118" startTime="2026-04-05T00:05:49.6369454+02:00" endTime="2026-04-05T00:06:13.1981439+02:00" testType="13cdc9d9-ddb5-4fa4-a97d-d965ccfc6d4b" outcome="Failed" testListId="8c84fa94-04c1-424b-9868-57a2d4851a1d" relativeResultsDirectory="ec8cc290-556b-4612-be24-ffcfdcad33f8">
      <Output>
        <ErrorInfo>
          <Message>System.Exception : E2E FAILURE: Login did not redirect away from /login after 20s (email=claus.elmann@gmail.com)

URL:     http://localhost:5057/login
Screenshot: C:\Udvikling\green-ai\tests\GreenAi.E2E\bin\Debug\net10.0\..\..\..\TestResults\Screenshots\CustomerAdminE2ETests_20260404_220612.png

Browser console errors:
  (none)

Recent DB logs (Logs table):
  (no rows in Logs table)</Message>
          <StackTrace>   at GreenAi.E2E.E2ETestBase.FailAsync(String reason) in C:\Udvikling\green-ai\tests\GreenAi.E2E\E2ETestBase.cs:line 100&#xD;
   at GreenAi.E2E.E2ETestBase.LoginAsync(String email, String password) in C:\Udvikling\green-ai\tests\GreenAi.E2E\E2ETestBase.cs:line 146&#xD;
   at GreenAi.E2E.CustomerAdminE2ETests.Login_WithValidCredentials_RedirectsToHome() in C:\Udvikling\green-ai\tests\GreenAi.E2E\CustomerAdminE2ETests.cs:line 11&#xD;
--- End of stack trace from previous location ---</StackTrace>
        </ErrorInfo>
      </Output>
    </UnitTestResult>
  </Results>
  <TestDefinitions>
    <UnitTest name="GreenAi.E2E.CustomerAdminE2ETests.Login_WithValidCredentials_RedirectsToHome" storage="c:\udvikling\green-ai\tests\greenai.e2e\bin\debug\net10.0\greenai.e2e.dll" id="d185c56f-05f8-ea55-f119-8e96d680bae6">
      <Execution id="ec8cc290-556b-4612-be24-ffcfdcad33f8" />
      <TestMethod codeBase="C:\Udvikling\green-ai\tests\GreenAi.E2E\bin\Debug\net10.0\GreenAi.E2E.dll" adapterTypeName="executor://xunit/VsTestRunner3/netcore/" className="GreenAi.E2E.CustomerAdminE2ETests" name="Login_WithValidCredentials_RedirectsToHome" />
    </UnitTest>
  </TestDefinitions>
  <TestEntries>
    <TestEntry testId="d185c56f-05f8-ea55-f119-8e96d680bae6" executionId="ec8cc290-556b-4612-be24-ffcfdcad33f8" testListId="8c84fa94-04c1-424b-9868-57a2d4851a1d" />
  </TestEntries>
  <TestLists>
    <TestList name="Results Not in a List" id="8c84fa94-04c1-424b-9868-57a2d4851a1d" />
    <TestList name="All Loaded Results" id="19431567-8539-422a-85d7-44ee4e166bda" />
  </TestLists>
  <ResultSummary outcome="Failed">
    <Counters total="1" executed="1" passed="0" failed="1" error="0" timeout="0" aborted="0" inconclusive="0" passedButRunAborted="0" notRunnable="0" notExecuted="0" disconnected="0" warning="0" completed="0" inProgress="0" pending="0" />
    <Output>
      <StdOut>[xUnit.net 00:00:00.00] xUnit.net VSTest Adapter v3.1.5+1b188a7b0a (64-bit .NET 10.0.5)&#xD;
[xUnit.net 00:00:00.21]   Discovering: GreenAi.E2E&#xD;
[xUnit.net 00:00:00.46]   Discovered:  GreenAi.E2E&#xD;
[xUnit.net 00:00:00.68]   Starting:    GreenAi.E2E&#xD;
[xUnit.net 00:00:24.54]       System.Exception : E2E FAILURE: Login did not redirect away from /login after 20s (email=claus.elmann@gmail.com)

URL:     http://localhost:5057/login
Screenshot: C:\Udvikling\green-ai\tests\GreenAi.E2E\bin\Debug\net10.0\..\..\..\TestResults\Screenshots\CustomerAdminE2ETests_20260404_220612.png

Browser console errors:
  (none)

Recent DB logs (Logs table):
  (no rows in Logs table)&#xD;
[xUnit.net 00:00:24.54]       Stack Trace:&#xD;
[xUnit.net 00:00:24.54]         C:\Udvikling\green-ai\tests\GreenAi.E2E\E2ETestBase.cs(100,0): at GreenAi.E2E.E2ETestBase.FailAsync(String reason)&#xD;
[xUnit.net 00:00:24.54]         C:\Udvikling\green-ai\tests\GreenAi.E2E\E2ETestBase.cs(146,0): at GreenAi.E2E.E2ETestBase.LoginAsync(String email, String password)&#xD;
[xUnit.net 00:00:24.54]         C:\Udvikling\green-ai\tests\GreenAi.E2E\CustomerAdminE2ETests.cs(11,0): at GreenAi.E2E.CustomerAdminE2ETests.Login_WithValidCredentials_RedirectsToHome()&#xD;
[xUnit.net 00:00:24.54]         --- End of stack trace from previous location ---&#xD;
[xUnit.net 00:00:24.57]   Finished:    GreenAi.E2E (ID = 'b22c8369b1bbe770defd711cb8a9268ada6d4b894a82e516ae76dd9d44f93e08')&#xD;
</StdOut>
    </Output>
    <RunInfos>
      <RunInfo computerName="LAPTOP-2Q5GS5I8" outcome="Error" timestamp="2026-04-05T00:06:13.2076301+02:00">
        <Text>[xUnit.net 00:00:24.54]     GreenAi.E2E.CustomerAdminE2ETests.Login_WithValidCredentials_RedirectsToHome [FAIL]</Text>
      </RunInfo>
    </RunInfos>
  </ResultSummary>
</TestRun>